<?xml version="1.0" encoding="UTF-8"?>
<!-- Generated by org.testng.reporters.JUnitReportReporter -->
<testsuite skipped="0" hostname="DESKTOP-6QUM1LC" name="regression.TC007Accountactivity" tests="1" failures="0" timestamp="2020-06-05T20:56:37 EDT" time="10.252" errors="0">
  <testcase name="Accountactivity" time="10.252" classname="regression.TC007Accountactivity"/>
  <system-out/>
</testsuite> <!-- regression.TC007Accountactivity -->
