<?xml version="1.0" encoding="UTF-8"?>
<!-- Generated by org.testng.reporters.JUnitReportReporter -->
<testsuite skipped="0" hostname="DESKTOP-6QUM1LC" name="regression.TC001login" tests="1" failures="0" timestamp="2020-06-20T13:28:59 EDT" time="7.361" errors="0">
  <testcase name="login" time="7.361" classname="regression.TC001login"/>
  <system-out/>
</testsuite> <!-- regression.TC001login -->
