<?xml version="1.0" encoding="UTF-8"?>
<!-- Generated by org.testng.reporters.JUnitReportReporter -->
<testsuite skipped="0" hostname="DESKTOP-6QUM1LC" name="regression.TC003tranferfund" tests="1" failures="0" timestamp="2020-06-15T10:30:52 EDT" time="12.689" errors="0">
  <testcase name="verifyTransferfunds" time="12.689" classname="regression.TC003tranferfund"/>
  <system-out/>
</testsuite> <!-- regression.TC003tranferfund -->
