<?xml version="1.0" encoding="UTF-8"?>
<!-- Generated by org.testng.reporters.JUnitReportReporter -->
<testsuite skipped="0" hostname="DESKTOP-6QUM1LC" name="rough.TC002addpayee" tests="3" failures="0" timestamp="2020-06-13T09:31:30 EDT" time="22.620" errors="0">
  <testcase name="addPayee" time="6.915" classname="rough.TC002addpayee"/>
  <system-out/>
  <testcase name="addPayee" time="7.244" classname="rough.TC002addpayee"/>
  <system-out/>
  <testcase name="addPayee" time="8.461" classname="rough.TC002addpayee"/>
  <system-out/>
</testsuite> <!-- rough.TC002addpayee -->
