<?xml version="1.0" encoding="UTF-8"?>
<!-- Generated by org.testng.reporters.JUnitReportReporter -->
<testsuite skipped="0" hostname="DESKTOP-6QUM1LC" name="regression.TC001logindatadriven" tests="3" failures="0" timestamp="2020-06-06T15:19:37 EDT" time="20.118" errors="0">
  <testcase name="login" time="7.710" classname="regression.TC001logindatadriven"/>
  <system-out/>
  <testcase name="login" time="6.307" classname="regression.TC001logindatadriven"/>
  <system-out/>
  <testcase name="login" time="6.101" classname="regression.TC001logindatadriven"/>
  <system-out/>
</testsuite> <!-- regression.TC001logindatadriven -->
