<?xml version="1.0" encoding="UTF-8"?>
<!-- Generated by org.testng.reporters.JUnitReportReporter -->
<testsuite skipped="0" hostname="DESKTOP-6QUM1LC" name="regression.TC002addpayee" tests="1" failures="0" timestamp="2020-06-07T13:23:40 EDT" time="8.900" errors="0">
  <testcase name="addPayee" time="8.900" classname="regression.TC002addpayee"/>
  <system-out/>
</testsuite> <!-- regression.TC002addpayee -->
